[debug] [2023-07-24T19:23:06.914Z] ----------------------------------------------------------------------
[debug] [2023-07-24T19:23:06.920Z] Command:       C:\Program Files\nodejs\node.exe C:\Users\Nicol\AppData\Roaming\npm\node_modules\firebase-tools\lib\bin\firebase.js deploy
[debug] [2023-07-24T19:23:06.921Z] CLI Version:   11.22.0
[debug] [2023-07-24T19:23:06.922Z] Platform:      win32
[debug] [2023-07-24T19:23:06.922Z] Node Version:  v18.17.0
[debug] [2023-07-24T19:23:06.924Z] Time:          Mon Jul 24 2023 14:23:06 GMT-0500 (hora estándar de Colombia)
[debug] [2023-07-24T19:23:06.925Z] ----------------------------------------------------------------------
[debug] 
[debug] [2023-07-24T19:23:06.934Z] >>> [apiv2][query] GET https://firebase-public.firebaseio.com/cli.json [none]
[debug] [2023-07-24T19:23:07.195Z] > refreshing access token with scopes: []
[debug] [2023-07-24T19:23:07.198Z] >>> [apiv2][query] POST https://www.googleapis.com/oauth2/v3/token [none]
[debug] [2023-07-24T19:23:07.198Z] >>> [apiv2][body] POST https://www.googleapis.com/oauth2/v3/token [omitted]
[debug] [2023-07-24T19:23:07.479Z] <<< [apiv2][status] GET https://firebase-public.firebaseio.com/cli.json 200
[debug] [2023-07-24T19:23:07.480Z] <<< [apiv2][body] GET https://firebase-public.firebaseio.com/cli.json {"cloudBuildErrorAfter":1594252800000,"cloudBuildWarnAfter":1590019200000,"defaultNode10After":1594252800000,"minVersion":"3.0.5","node8DeploysDisabledAfter":1613390400000,"node8RuntimeDisabledAfter":1615809600000,"node8WarnAfter":1600128000000}
[debug] [2023-07-24T19:23:07.506Z] <<< [apiv2][status] POST https://www.googleapis.com/oauth2/v3/token 200
[debug] [2023-07-24T19:23:07.507Z] <<< [apiv2][body] POST https://www.googleapis.com/oauth2/v3/token [omitted]
[debug] [2023-07-24T19:23:07.525Z] >>> [apiv2][query] GET https://firebase.googleapis.com/v1beta1/projects/undefined [none]
[debug] [2023-07-24T19:23:08.059Z] <<< [apiv2][status] GET https://firebase.googleapis.com/v1beta1/projects/undefined 403
[debug] [2023-07-24T19:23:08.059Z] <<< [apiv2][body] GET https://firebase.googleapis.com/v1beta1/projects/undefined {"error":{"code":403,"message":"The caller does not have permission","status":"PERMISSION_DENIED"}}
[debug] [2023-07-24T19:23:08.061Z] HTTP Error: 403, The caller does not have permission
[debug] [2023-07-24T19:23:08.277Z] FirebaseError: HTTP Error: 403, The caller does not have permission
    at responseToError (C:\Users\Nicol\AppData\Roaming\npm\node_modules\firebase-tools\lib\responseToError.js:49:12)
    at RetryOperation._fn (C:\Users\Nicol\AppData\Roaming\npm\node_modules\firebase-tools\lib\apiv2.js:288:77)
    at process.processTicksAndRejections (node:internal/process/task_queues:95:5)
[error] 
[error] Error: Failed to get Firebase project undefined. Please make sure the project exists and your account has permission to access it.
